<?xml version="1.0" encoding="UTF-8"?>
<testsuite xmlns:xsi="http://www.w3.org/2001/XMLSchema-instance" xsi:noNamespaceSchemaLocation="https://maven.apache.org/surefire/maven-surefire-plugin/xsd/surefire-test-report-3.0.xsd" version="3.0" name="PixelCoinsWindowTest" time="4.366" tests="1" errors="0" skipped="0" failures="0">
  <properties>
    <property name="java.specification.version" value="23"/>
    <property name="javafx.runtime.version" value="13+14"/>
    <property name="sun.cpu.isalist" value="amd64"/>
    <property name="sun.jnu.encoding" value="Cp1252"/>
    <property name="java.class.path" value="C:\Users\Iker\source\repos\OllisProyect-JavaFX\ollisproyect\target\test-classes;C:\Users\Iker\source\repos\OllisProyect-JavaFX\ollisproyect\target\classes;C:\Users\Iker\.m2\repository\org\openjfx\javafx-controls\13\javafx-controls-13.jar;C:\Users\Iker\.m2\repository\org\openjfx\javafx-controls\13\javafx-controls-13-win.jar;C:\Users\Iker\.m2\repository\org\openjfx\javafx-graphics\13\javafx-graphics-13.jar;C:\Users\Iker\.m2\repository\org\openjfx\javafx-graphics\13\javafx-graphics-13-win.jar;C:\Users\Iker\.m2\repository\org\openjfx\javafx-base\13\javafx-base-13.jar;C:\Users\Iker\.m2\repository\org\openjfx\javafx-base\13\javafx-base-13-win.jar;C:\Users\Iker\.m2\repository\org\openjfx\javafx-fxml\13\javafx-fxml-13.jar;C:\Users\Iker\.m2\repository\org\openjfx\javafx-fxml\13\javafx-fxml-13-win.jar;C:\Users\Iker\.m2\repository\org\openjfx\javafx-media\25-ea+6\javafx-media-25-ea+6.jar;C:\Users\Iker\.m2\repository\org\openjfx\javafx-media\25-ea+6\javafx-media-25-ea+6-win.jar;C:\Users\Iker\.m2\repository\com\mysql\mysql-connector-j\8.0.33\mysql-connector-j-8.0.33.jar;C:\Users\Iker\.m2\repository\com\google\protobuf\protobuf-java\3.21.9\protobuf-java-3.21.9.jar;C:\Users\Iker\.m2\repository\org\junit\jupiter\junit-jupiter\5.10.0\junit-jupiter-5.10.0.jar;C:\Users\Iker\.m2\repository\org\junit\jupiter\junit-jupiter-api\5.10.0\junit-jupiter-api-5.10.0.jar;C:\Users\Iker\.m2\repository\org\opentest4j\opentest4j\1.3.0\opentest4j-1.3.0.jar;C:\Users\Iker\.m2\repository\org\junit\platform\junit-platform-commons\1.10.0\junit-platform-commons-1.10.0.jar;C:\Users\Iker\.m2\repository\org\apiguardian\apiguardian-api\1.1.2\apiguardian-api-1.1.2.jar;C:\Users\Iker\.m2\repository\org\junit\jupiter\junit-jupiter-params\5.10.0\junit-jupiter-params-5.10.0.jar;C:\Users\Iker\.m2\repository\org\junit\jupiter\junit-jupiter-engine\5.10.0\junit-jupiter-engine-5.10.0.jar;C:\Users\Iker\.m2\repository\org\junit\platform\junit-platform-engine\1.10.0\junit-platform-engine-1.10.0.jar;C:\Users\Iker\.m2\repository\org\testfx\testfx-core\4.0.16-alpha\testfx-core-4.0.16-alpha.jar;C:\Users\Iker\.m2\repository\org\hamcrest\hamcrest-core\1.3\hamcrest-core-1.3.jar;C:\Users\Iker\.m2\repository\org\assertj\assertj-core\3.13.2\assertj-core-3.13.2.jar;C:\Users\Iker\.m2\repository\org\testfx\testfx-junit5\4.0.16-alpha\testfx-junit5-4.0.16-alpha.jar;C:\Users\Iker\.m2\repository\org\mockito\mockito-core\5.16.0\mockito-core-5.16.0.jar;C:\Users\Iker\.m2\repository\net\bytebuddy\byte-buddy\1.15.11\byte-buddy-1.15.11.jar;C:\Users\Iker\.m2\repository\net\bytebuddy\byte-buddy-agent\1.15.11\byte-buddy-agent-1.15.11.jar;C:\Users\Iker\.m2\repository\org\objenesis\objenesis\3.3\objenesis-3.3.jar;C:\Users\Iker\.m2\repository\org\hamcrest\hamcrest\2.2\hamcrest-2.2.jar;C:\Users\Iker\.m2\repository\net\java\dev\jna\jna-platform\5.13.0\jna-platform-5.13.0.jar;C:\Users\Iker\.m2\repository\net\java\dev\jna\jna\5.13.0\jna-5.13.0.jar;C:\Users\Iker\.m2\repository\com\1stleg\jnativehook\1.1.5\jnativehook-1.1.5.jar;"/>
    <property name="java.vm.vendor" value="Oracle Corporation"/>
    <property name="sun.arch.data.model" value="64"/>
    <property name="user.variant" value=""/>
    <property name="java.vendor.url" value="https://java.oracle.com/"/>
    <property name="user.timezone" value="Europe/Madrid"/>
    <property name="javafx.version" value="13"/>
    <property name="os.name" value="Windows 11"/>
    <property name="java.vm.specification.version" value="23"/>
    <property name="user.country" value="ES"/>
    <property name="sun.java.launcher" value="SUN_STANDARD"/>
    <property name="sun.boot.library.path" value="C:\Program Files\Java\jdk-23\bin"/>
    <property name="sun.java.command" value="C:\Users\Iker\AppData\Local\Temp\surefire16844531087467897602\surefirebooter-20250527161924576_3.jar C:\Users\Iker\AppData\Local\Temp\surefire16844531087467897602 2025-05-27T16-19-24_347-jvmRun1 surefire-20250527161924576_1tmp surefire_0-20250527161924576_2tmp"/>
    <property name="jdk.debug" value="release"/>
    <property name="test" value="PixelCoinsWindowTest#testExecuteGame_ErrorExecutingGame"/>
    <property name="surefire.test.class.path" value="C:\Users\Iker\source\repos\OllisProyect-JavaFX\ollisproyect\target\test-classes;C:\Users\Iker\source\repos\OllisProyect-JavaFX\ollisproyect\target\classes;C:\Users\Iker\.m2\repository\org\openjfx\javafx-controls\13\javafx-controls-13.jar;C:\Users\Iker\.m2\repository\org\openjfx\javafx-controls\13\javafx-controls-13-win.jar;C:\Users\Iker\.m2\repository\org\openjfx\javafx-graphics\13\javafx-graphics-13.jar;C:\Users\Iker\.m2\repository\org\openjfx\javafx-graphics\13\javafx-graphics-13-win.jar;C:\Users\Iker\.m2\repository\org\openjfx\javafx-base\13\javafx-base-13.jar;C:\Users\Iker\.m2\repository\org\openjfx\javafx-base\13\javafx-base-13-win.jar;C:\Users\Iker\.m2\repository\org\openjfx\javafx-fxml\13\javafx-fxml-13.jar;C:\Users\Iker\.m2\repository\org\openjfx\javafx-fxml\13\javafx-fxml-13-win.jar;C:\Users\Iker\.m2\repository\org\openjfx\javafx-media\25-ea+6\javafx-media-25-ea+6.jar;C:\Users\Iker\.m2\repository\org\openjfx\javafx-media\25-ea+6\javafx-media-25-ea+6-win.jar;C:\Users\Iker\.m2\repository\com\mysql\mysql-connector-j\8.0.33\mysql-connector-j-8.0.33.jar;C:\Users\Iker\.m2\repository\com\google\protobuf\protobuf-java\3.21.9\protobuf-java-3.21.9.jar;C:\Users\Iker\.m2\repository\org\junit\jupiter\junit-jupiter\5.10.0\junit-jupiter-5.10.0.jar;C:\Users\Iker\.m2\repository\org\junit\jupiter\junit-jupiter-api\5.10.0\junit-jupiter-api-5.10.0.jar;C:\Users\Iker\.m2\repository\org\opentest4j\opentest4j\1.3.0\opentest4j-1.3.0.jar;C:\Users\Iker\.m2\repository\org\junit\platform\junit-platform-commons\1.10.0\junit-platform-commons-1.10.0.jar;C:\Users\Iker\.m2\repository\org\apiguardian\apiguardian-api\1.1.2\apiguardian-api-1.1.2.jar;C:\Users\Iker\.m2\repository\org\junit\jupiter\junit-jupiter-params\5.10.0\junit-jupiter-params-5.10.0.jar;C:\Users\Iker\.m2\repository\org\junit\jupiter\junit-jupiter-engine\5.10.0\junit-jupiter-engine-5.10.0.jar;C:\Users\Iker\.m2\repository\org\junit\platform\junit-platform-engine\1.10.0\junit-platform-engine-1.10.0.jar;C:\Users\Iker\.m2\repository\org\testfx\testfx-core\4.0.16-alpha\testfx-core-4.0.16-alpha.jar;C:\Users\Iker\.m2\repository\org\hamcrest\hamcrest-core\1.3\hamcrest-core-1.3.jar;C:\Users\Iker\.m2\repository\org\assertj\assertj-core\3.13.2\assertj-core-3.13.2.jar;C:\Users\Iker\.m2\repository\org\testfx\testfx-junit5\4.0.16-alpha\testfx-junit5-4.0.16-alpha.jar;C:\Users\Iker\.m2\repository\org\mockito\mockito-core\5.16.0\mockito-core-5.16.0.jar;C:\Users\Iker\.m2\repository\net\bytebuddy\byte-buddy\1.15.11\byte-buddy-1.15.11.jar;C:\Users\Iker\.m2\repository\net\bytebuddy\byte-buddy-agent\1.15.11\byte-buddy-agent-1.15.11.jar;C:\Users\Iker\.m2\repository\org\objenesis\objenesis\3.3\objenesis-3.3.jar;C:\Users\Iker\.m2\repository\org\hamcrest\hamcrest\2.2\hamcrest-2.2.jar;C:\Users\Iker\.m2\repository\net\java\dev\jna\jna-platform\5.13.0\jna-platform-5.13.0.jar;C:\Users\Iker\.m2\repository\net\java\dev\jna\jna\5.13.0\jna-5.13.0.jar;C:\Users\Iker\.m2\repository\com\1stleg\jnativehook\1.1.5\jnativehook-1.1.5.jar;"/>
    <property name="sun.cpu.endian" value="little"/>
    <property name="user.home" value="C:\Users\Iker"/>
    <property name="user.language" value="es"/>
    <property name="java.specification.vendor" value="Oracle Corporation"/>
    <property name="java.version.date" value="2024-09-17"/>
    <property name="java.home" value="C:\Program Files\Java\jdk-23"/>
    <property name="file.separator" value="\"/>
    <property name="basedir" value="C:\Users\Iker\source\repos\OllisProyect-JavaFX\ollisproyect"/>
    <property name="java.vm.compressedOopsMode" value="Zero based"/>
    <property name="line.separator" value="&#10;"/>
    <property name="java.vm.specification.vendor" value="Oracle Corporation"/>
    <property name="java.specification.name" value="Java Platform API Specification"/>
    <property name="surefire.real.class.path" value="C:\Users\Iker\AppData\Local\Temp\surefire16844531087467897602\surefirebooter-20250527161924576_3.jar"/>
    <property name="user.script" value=""/>
    <property name="sun.management.compiler" value="HotSpot 64-Bit Tiered Compilers"/>
    <property name="java.runtime.version" value="23+37-2369"/>
    <property name="user.name" value="Iker"/>
    <property name="stdout.encoding" value="Cp1252"/>
    <property name="path.separator" value=";"/>
    <property name="os.version" value="10.0"/>
    <property name="java.runtime.name" value="Java(TM) SE Runtime Environment"/>
    <property name="file.encoding" value="UTF-8"/>
    <property name="java.vm.name" value="Java HotSpot(TM) 64-Bit Server VM"/>
    <property name="maven.ext.class.path" value="C:\Users\Iker\.vscode\extensions\oracle.oracle-java-24.0.0\nbcode\java\maven-nblib\netbeans-eventspy.jar"/>
    <property name="localRepository" value="C:\Users\Iker\.m2\repository"/>
    <property name="java.vendor.url.bug" value="https://bugreport.java.com/bugreport/"/>
    <property name="java.io.tmpdir" value="C:\Users\Iker\AppData\Local\Temp\"/>
    <property name="java.version" value="23"/>
    <property name="user.dir" value="C:\Users\Iker\source\repos\OllisProyect-JavaFX\ollisproyect"/>
    <property name="os.arch" value="amd64"/>
    <property name="java.vm.specification.name" value="Java Virtual Machine Specification"/>
    <property name="sun.os.patch.level" value=""/>
    <property name="native.encoding" value="Cp1252"/>
    <property name="java.library.path" value="C:\Program Files\Java\jdk-23\bin;C:\WINDOWS\Sun\Java\bin;C:\WINDOWS\system32;C:\WINDOWS;C:\Program Files\Common Files\Oracle\Java\javapath;C:\Program Files (x86)\Common Files\Oracle\Java\java8path;C:\Program Files (x86)\Common Files\Oracle\Java\javapath;C:\WINDOWS\system32;C:\WINDOWS;C:\WINDOWS\System32\Wbem;C:\WINDOWS\System32\WindowsPowerShell\v1.0\;C:\WINDOWS\System32\OpenSSH\;C:\Program Files\Git\cmd;C:\Program Files\dotnet\;C:\Program Files (x86)\Windows Kits\10\Windows Performance Toolkit\;C:\Program Files\PuTTY\;C:\Program Files\MySQL\MySQL Server 8.0\bin\;C:\Program Files\Java\jdk-23\bin;C:\Program Files\Docker\Docker\resources\bin;C:\maven\apache-maven-3.9.9\bin;C:\Program Files\MySQL\MySQL Shell 8.0\bin\;C:\Users\Iker\AppData\Local\Programs\Python\Python312\Scripts\;C:\Users\Iker\AppData\Local\Programs\Python\Python312\;C:\Users\Iker\AppData\Local\Programs\Python\Launcher\;C:\Users\Iker\AppData\Local\Microsoft\WindowsApps;C:\Users\Iker\AppData\Local\Programs\Microsoft VS Code\bin;C:\Program Files\JetBrains\IntelliJ IDEA Community Edition 2024.2.2\bin;;C:\Users\Iker\.dotnet\tools;;."/>
    <property name="java.vm.info" value="mixed mode, sharing"/>
    <property name="stderr.encoding" value="Cp1252"/>
    <property name="java.vendor" value="Oracle Corporation"/>
    <property name="java.vm.version" value="23+37-2369"/>
    <property name="sun.io.unicode.encoding" value="UnicodeLittle"/>
    <property name="java.class.version" value="67.0"/>
  </properties>
  <testcase name="testExecuteGame_ErrorExecutingGame" classname="PixelCoinsWindowTest" time="4.232">
    <system-out><![CDATA[User{name=null, lastName=null, userName=OLLIS950, password=password123, email=iker@example.com, birthday=null, id=null}
]]></system-out>
  </testcase>
</testsuite>